{"G:\\VDT2024\\server\\src\\app.module.ts": {"path":"G:\\VDT2024\\server\\src\\app.module.ts","statementMap":{"0":{"start":{"line":1,"column":0},"end":{"line":1,"column":40}},"1":{"start":{"line":2,"column":0},"end":{"line":2,"column":48}},"2":{"start":{"line":3,"column":0},"end":{"line":3,"column":60}},"3":{"start":{"line":4,"column":0},"end":{"line":4,"column":54}},"4":{"start":{"line":5,"column":0},"end":{"line":5,"column":54}},"5":{"start":{"line":10,"column":7},"end":{"line":10,"column":null}},"6":{"start":{"line":10,"column":13},"end":{"line":10,"column":22}},"7":{"start":{"line":10,"column":13},"end":{"line":10,"column":null}}},"fnMap":{},"branchMap":{},"s":{"0":0,"1":0,"2":0,"3":0,"4":0,"5":0,"6":0,"7":0},"f":{},"b":{}}
,"G:\\VDT2024\\server\\src\\main.ts": {"path":"G:\\VDT2024\\server\\src\\main.ts","statementMap":{"0":{"start":{"line":1,"column":0},"end":{"line":1,"column":43}},"1":{"start":{"line":2,"column":0},"end":{"line":2,"column":41}},"2":{"start":{"line":3,"column":0},"end":{"line":3,"column":75}},"3":{"start":{"line":4,"column":0},"end":{"line":4,"column":43}},"4":{"start":{"line":7,"column":14},"end":{"line":7,"column":49}},"5":{"start":{"line":8,"column":2},"end":{"line":8,"column":29}},"6":{"start":{"line":9,"column":2},"end":{"line":9,"column":21}},"7":{"start":{"line":10,"column":2},"end":{"line":30,"column":4}},"8":{"start":{"line":14,"column":22},"end":{"line":18,"column":21}},"9":{"start":{"line":16,"column":12},"end":{"line":16,"column":52}},"10":{"start":{"line":19,"column":24},"end":{"line":19,"column":43}},"11":{"start":{"line":20,"column":8},"end":{"line":27,"column":10}},"12":{"start":{"line":31,"column":2},"end":{"line":31,"column":34}},"13":{"start":{"line":32,"column":2},"end":{"line":32,"column":56}},"14":{"start":{"line":34,"column":2},"end":{"line":34,"column":25}},"15":{"start":{"line":36,"column":0},"end":{"line":36,"column":12}}},"fnMap":{"0":{"name":"bootstrap","decl":{"start":{"line":6,"column":15},"end":{"line":6,"column":24}},"loc":{"start":{"line":6,"column":24},"end":{"line":35,"column":1}}},"1":{"name":"(anonymous_1)","decl":{"start":{"line":13,"column":6},"end":{"line":13,"column":22}},"loc":{"start":{"line":13,"column":29},"end":{"line":28,"column":7}}},"2":{"name":"(anonymous_2)","decl":{"start":{"line":15,"column":15},"end":{"line":15,"column":16}},"loc":{"start":{"line":15,"column":25},"end":{"line":17,"column":11}}}},"branchMap":{},"s":{"0":0,"1":0,"2":0,"3":0,"4":0,"5":0,"6":0,"7":0,"8":0,"9":0,"10":0,"11":0,"12":0,"13":0,"14":0,"15":0},"f":{"0":0,"1":0,"2":0},"b":{}}
,"G:\\VDT2024\\server\\src\\common\\decorators\\index.ts": {"path":"G:\\VDT2024\\server\\src\\common\\decorators\\index.ts","statementMap":{"0":{"start":{"line":1,"column":0},"end":{"line":1,"column":44}}},"fnMap":{},"branchMap":{},"s":{"0":2},"f":{},"b":{}}
,"G:\\VDT2024\\server\\src\\common\\decorators\\responseMessage.decorator.ts": {"path":"G:\\VDT2024\\server\\src\\common\\decorators\\responseMessage.decorator.ts","statementMap":{"0":{"start":{"line":1,"column":0},"end":{"line":1,"column":45}},"1":{"start":{"line":3,"column":31},"end":{"line":4,"column":41}},"2":{"start":{"line":4,"column":2},"end":{"line":4,"column":41}},"3":{"start":{"line":3,"column":13},"end":{"line":3,"column":31}}},"fnMap":{"0":{"name":"(anonymous_0)","decl":{"start":{"line":3,"column":31},"end":{"line":3,"column":32}},"loc":{"start":{"line":4,"column":2},"end":{"line":4,"column":41}}}},"branchMap":{},"s":{"0":2,"1":2,"2":4,"3":2},"f":{"0":4},"b":{}}
,"G:\\VDT2024\\server\\src\\common\\interceptors\\response.interceptor.ts": {"path":"G:\\VDT2024\\server\\src\\common\\interceptors\\response.interceptor.ts","statementMap":{"0":{"start":{"line":1,"column":0},"end":{"line":1,"column":null}},"1":{"start":{"line":7,"column":0},"end":{"line":7,"column":41}},"2":{"start":{"line":9,"column":0},"end":{"line":9,"column":37}},"3":{"start":{"line":18,"column":7},"end":{"line":36,"column":null}},"4":{"start":{"line":21,"column":22},"end":{"line":21,"column":33}},"5":{"start":{"line":26,"column":4},"end":{"line":34,"column":6}},"6":{"start":{"line":27,"column":21},"end":{"line":33,"column":8}},"7":{"start":{"line":18,"column":13},"end":{"line":18,"column":36}},"8":{"start":{"line":18,"column":13},"end":{"line":36,"column":null}}},"fnMap":{"0":{"name":"(anonymous_2)","decl":{"start":{"line":21,"column":2},"end":{"line":21,"column":22}},"loc":{"start":{"line":21,"column":42},"end":{"line":21,"column":46}}},"1":{"name":"(anonymous_3)","decl":{"start":{"line":22,"column":2},"end":{"line":22,"column":11}},"loc":{"start":{"line":24,"column":21},"end":{"line":35,"column":3}}},"2":{"name":"(anonymous_4)","decl":{"start":{"line":27,"column":10},"end":{"line":27,"column":11}},"loc":{"start":{"line":27,"column":21},"end":{"line":33,"column":8}}}},"branchMap":{"0":{"loc":{"start":{"line":30,"column":10},"end":{"line":31,"column":12}},"type":"binary-expr","locations":[{"start":{"line":30,"column":10},"end":{"line":30,"column":77}},{"start":{"line":31,"column":10},"end":{"line":31,"column":12}}]}},"s":{"0":2,"1":2,"2":2,"3":2,"4":6,"5":0,"6":0,"7":2,"8":2},"f":{"0":6,"1":0,"2":0},"b":{"0":[0,0]}}
,"G:\\VDT2024\\server\\src\\mailer\\mailer.module.ts": {"path":"G:\\VDT2024\\server\\src\\mailer\\mailer.module.ts","statementMap":{"0":{"start":{"line":1,"column":0},"end":{"line":1,"column":48}},"1":{"start":{"line":2,"column":0},"end":{"line":2,"column":49}},"2":{"start":{"line":9,"column":7},"end":{"line":9,"column":null}},"3":{"start":{"line":9,"column":13},"end":{"line":9,"column":25}},"4":{"start":{"line":9,"column":13},"end":{"line":9,"column":null}}},"fnMap":{},"branchMap":{},"s":{"0":0,"1":0,"2":0,"3":0,"4":0},"f":{},"b":{}}
,"G:\\VDT2024\\server\\src\\mailer\\mailer.service.ts": {"path":"G:\\VDT2024\\server\\src\\mailer\\mailer.service.ts","statementMap":{"0":{"start":{"line":1,"column":0},"end":{"line":1,"column":44}},"1":{"start":{"line":2,"column":0},"end":{"line":2,"column":41}},"2":{"start":{"line":7,"column":7},"end":{"line":101,"column":null}},"3":{"start":{"line":11,"column":4},"end":{"line":19,"column":7}},"4":{"start":{"line":23,"column":28},"end":{"line":23,"column":61}},"5":{"start":{"line":25,"column":6},"end":{"line":25,"column":131}},"6":{"start":{"line":27,"column":4},"end":{"line":79,"column":5}},"7":{"start":{"line":28,"column":6},"end":{"line":44,"column":92}},"8":{"start":{"line":45,"column":11},"end":{"line":79,"column":5}},"9":{"start":{"line":46,"column":6},"end":{"line":78,"column":92}},"10":{"start":{"line":82,"column":62},"end":{"line":82,"column":70}},"11":{"start":{"line":83,"column":15},"end":{"line":83,"column":17}},"12":{"start":{"line":85,"column":17},"end":{"line":85,"column":67}},"13":{"start":{"line":86,"column":24},"end":{"line":93,"column":6}},"14":{"start":{"line":95,"column":4},"end":{"line":99,"column":5}},"15":{"start":{"line":96,"column":6},"end":{"line":96,"column":53}},"16":{"start":{"line":98,"column":6},"end":{"line":98,"column":29}},"17":{"start":{"line":7,"column":13},"end":{"line":7,"column":26}},"18":{"start":{"line":7,"column":13},"end":{"line":101,"column":null}}},"fnMap":{"0":{"name":"(anonymous_2)","decl":{"start":{"line":10,"column":2},"end":{"line":10,"column":null}},"loc":{"start":{"line":10,"column":2},"end":{"line":20,"column":3}}},"1":{"name":"(anonymous_3)","decl":{"start":{"line":22,"column":2},"end":{"line":22,"column":13}},"loc":{"start":{"line":22,"column":75},"end":{"line":80,"column":3}}},"2":{"name":"(anonymous_4)","decl":{"start":{"line":81,"column":2},"end":{"line":81,"column":7}},"loc":{"start":{"line":81,"column":42},"end":{"line":100,"column":3}}}},"branchMap":{"0":{"loc":{"start":{"line":27,"column":4},"end":{"line":79,"column":5}},"type":"if","locations":[{"start":{"line":27,"column":4},"end":{"line":79,"column":5}},{"start":{"line":45,"column":11},"end":{"line":79,"column":5}}]},"1":{"loc":{"start":{"line":45,"column":11},"end":{"line":79,"column":5}},"type":"if","locations":[{"start":{"line":45,"column":11},"end":{"line":79,"column":5}}]}},"s":{"0":2,"1":2,"2":2,"3":0,"4":0,"5":0,"6":0,"7":0,"8":0,"9":0,"10":0,"11":0,"12":0,"13":0,"14":0,"15":0,"16":0,"17":2,"18":2},"f":{"0":0,"1":0,"2":0},"b":{"0":[0,0],"1":[0]}}
,"G:\\VDT2024\\server\\src\\prisma\\prisma.module.ts": {"path":"G:\\VDT2024\\server\\src\\prisma\\prisma.module.ts","statementMap":{"0":{"start":{"line":1,"column":0},"end":{"line":1,"column":48}},"1":{"start":{"line":2,"column":0},"end":{"line":2,"column":49}},"2":{"start":{"line":9,"column":7},"end":{"line":9,"column":null}},"3":{"start":{"line":9,"column":13},"end":{"line":9,"column":25}},"4":{"start":{"line":9,"column":13},"end":{"line":9,"column":null}}},"fnMap":{},"branchMap":{},"s":{"0":0,"1":0,"2":0,"3":0,"4":0},"f":{},"b":{}}
,"G:\\VDT2024\\server\\src\\prisma\\prisma.service.ts": {"path":"G:\\VDT2024\\server\\src\\prisma\\prisma.service.ts","statementMap":{"0":{"start":{"line":1,"column":0},"end":{"line":1,"column":75}},"1":{"start":{"line":2,"column":0},"end":{"line":2,"column":46}},"2":{"start":{"line":5,"column":7},"end":{"line":25,"column":null}},"3":{"start":{"line":10,"column":4},"end":{"line":16,"column":7}},"4":{"start":{"line":19,"column":4},"end":{"line":19,"column":26}},"5":{"start":{"line":23,"column":4},"end":{"line":23,"column":29}},"6":{"start":{"line":5,"column":13},"end":{"line":5,"column":26}},"7":{"start":{"line":5,"column":13},"end":{"line":25,"column":null}}},"fnMap":{"0":{"name":"(anonymous_2)","decl":{"start":{"line":9,"column":2},"end":{"line":9,"column":null}},"loc":{"start":{"line":9,"column":2},"end":{"line":17,"column":3}}},"1":{"name":"(anonymous_3)","decl":{"start":{"line":18,"column":2},"end":{"line":18,"column":7}},"loc":{"start":{"line":18,"column":20},"end":{"line":20,"column":3}}},"2":{"name":"(anonymous_4)","decl":{"start":{"line":22,"column":2},"end":{"line":22,"column":7}},"loc":{"start":{"line":22,"column":23},"end":{"line":24,"column":3}}}},"branchMap":{},"s":{"0":2,"1":2,"2":2,"3":0,"4":0,"5":0,"6":2,"7":2},"f":{"0":0,"1":0,"2":0},"b":{}}
,"G:\\VDT2024\\server\\src\\register\\register.controller.ts": {"path":"G:\\VDT2024\\server\\src\\register\\register.controller.ts","statementMap":{"0":{"start":{"line":1,"column":0},"end":{"line":1,"column":null}},"1":{"start":{"line":9,"column":0},"end":{"line":9,"column":53}},"2":{"start":{"line":10,"column":0},"end":{"line":10,"column":49}},"3":{"start":{"line":11,"column":0},"end":{"line":11,"column":87}},"4":{"start":{"line":12,"column":0},"end":{"line":12,"column":56}},"5":{"start":{"line":13,"column":0},"end":{"line":13,"column":56}},"6":{"start":{"line":17,"column":7},"end":{"line":33,"column":null}},"7":{"start":{"line":18,"column":31},"end":{"line":18,"column":48}},"8":{"start":{"line":24,"column":4},"end":{"line":24,"column":52}},"9":{"start":{"line":31,"column":4},"end":{"line":31,"column":68}},"10":{"start":{"line":17,"column":13},"end":{"line":17,"column":31}},"11":{"start":{"line":23,"column":8},"end":{"line":25,"column":null}},"12":{"start":{"line":30,"column":8},"end":{"line":32,"column":null}},"13":{"start":{"line":17,"column":13},"end":{"line":33,"column":null}}},"fnMap":{"0":{"name":"(anonymous_4)","decl":{"start":{"line":18,"column":2},"end":{"line":18,"column":31}},"loc":{"start":{"line":18,"column":63},"end":{"line":18,"column":67}}},"1":{"name":"(anonymous_5)","decl":{"start":{"line":23,"column":2},"end":{"line":23,"column":7}},"loc":{"start":{"line":23,"column":49},"end":{"line":25,"column":3}}},"2":{"name":"(anonymous_6)","decl":{"start":{"line":30,"column":2},"end":{"line":30,"column":7}},"loc":{"start":{"line":30,"column":66},"end":{"line":32,"column":3}}}},"branchMap":{},"s":{"0":1,"1":1,"2":1,"3":1,"4":1,"5":1,"6":1,"7":3,"8":1,"9":1,"10":1,"11":1,"12":1,"13":1},"f":{"0":3,"1":1,"2":1},"b":{}}
,"G:\\VDT2024\\server\\src\\register\\register.module.ts": {"path":"G:\\VDT2024\\server\\src\\register\\register.module.ts","statementMap":{"0":{"start":{"line":1,"column":0},"end":{"line":1,"column":40}},"1":{"start":{"line":2,"column":0},"end":{"line":2,"column":53}},"2":{"start":{"line":3,"column":0},"end":{"line":3,"column":59}},"3":{"start":{"line":11,"column":7},"end":{"line":11,"column":null}},"4":{"start":{"line":11,"column":13},"end":{"line":11,"column":27}},"5":{"start":{"line":11,"column":13},"end":{"line":11,"column":null}}},"fnMap":{},"branchMap":{},"s":{"0":0,"1":0,"2":0,"3":0,"4":0,"5":0},"f":{},"b":{}}
,"G:\\VDT2024\\server\\src\\register\\register.service.ts": {"path":"G:\\VDT2024\\server\\src\\register\\register.service.ts","statementMap":{"0":{"start":{"line":1,"column":0},"end":{"line":1,"column":71}},"1":{"start":{"line":2,"column":0},"end":{"line":2,"column":33}},"2":{"start":{"line":3,"column":0},"end":{"line":3,"column":46}},"3":{"start":{"line":5,"column":0},"end":{"line":5,"column":58}},"4":{"start":{"line":6,"column":0},"end":{"line":6,"column":58}},"5":{"start":{"line":7,"column":0},"end":{"line":7,"column":49}},"6":{"start":{"line":8,"column":0},"end":{"line":8,"column":40}},"7":{"start":{"line":12,"column":7},"end":{"line":174,"column":null}},"8":{"start":{"line":14,"column":12},"end":{"line":14,"column":27}},"9":{"start":{"line":15,"column":12},"end":{"line":15,"column":27}},"10":{"start":{"line":19,"column":4},"end":{"line":66,"column":5}},"11":{"start":{"line":20,"column":24},"end":{"line":20,"column":35}},"12":{"start":{"line":22,"column":27},"end":{"line":26,"column":8}},"13":{"start":{"line":28,"column":6},"end":{"line":33,"column":7}},"14":{"start":{"line":29,"column":8},"end":{"line":32,"column":10}},"15":{"start":{"line":35,"column":18},"end":{"line":40,"column":8}},"16":{"start":{"line":42,"column":22},"end":{"line":42,"column":46}},"17":{"start":{"line":44,"column":26},"end":{"line":52,"column":8}},"18":{"start":{"line":54,"column":47},"end":{"line":60,"column":8}},"19":{"start":{"line":62,"column":6},"end":{"line":62,"column":57}},"20":{"start":{"line":63,"column":6},"end":{"line":63,"column":25}},"21":{"start":{"line":65,"column":6},"end":{"line":65,"column":68}},"22":{"start":{"line":70,"column":4},"end":{"line":164,"column":5}},"23":{"start":{"line":71,"column":29},"end":{"line":71,"column":33}},"24":{"start":{"line":72,"column":23},"end":{"line":84,"column":8}},"25":{"start":{"line":86,"column":6},"end":{"line":88,"column":7}},"26":{"start":{"line":87,"column":8},"end":{"line":87,"column":78}},"27":{"start":{"line":90,"column":6},"end":{"line":95,"column":7}},"28":{"start":{"line":91,"column":8},"end":{"line":94,"column":10}},"29":{"start":{"line":97,"column":6},"end":{"line":115,"column":7}},"30":{"start":{"line":98,"column":26},"end":{"line":98,"column":55}},"31":{"start":{"line":99,"column":28},"end":{"line":99,"column":70}},"32":{"start":{"line":100,"column":28},"end":{"line":100,"column":38}},"33":{"start":{"line":102,"column":8},"end":{"line":114,"column":9}},"34":{"start":{"line":103,"column":10},"end":{"line":108,"column":13}},"35":{"start":{"line":110,"column":10},"end":{"line":113,"column":12}},"36":{"start":{"line":117,"column":25},"end":{"line":117,"column":65}},"37":{"start":{"line":119,"column":6},"end":{"line":149,"column":7}},"38":{"start":{"line":120,"column":32},"end":{"line":127,"column":10}},"39":{"start":{"line":129,"column":8},"end":{"line":142,"column":9}},"40":{"start":{"line":130,"column":10},"end":{"line":137,"column":13}},"41":{"start":{"line":138,"column":10},"end":{"line":141,"column":12}},"42":{"start":{"line":143,"column":8},"end":{"line":148,"column":10}},"43":{"start":{"line":151,"column":6},"end":{"line":159,"column":9}},"44":{"start":{"line":161,"column":6},"end":{"line":161,"column":18}},"45":{"start":{"line":163,"column":6},"end":{"line":163,"column":68}},"46":{"start":{"line":168,"column":4},"end":{"line":168,"column":35}},"47":{"start":{"line":172,"column":4},"end":{"line":172,"column":54}},"48":{"start":{"line":12,"column":13},"end":{"line":12,"column":28}},"49":{"start":{"line":12,"column":13},"end":{"line":174,"column":null}}},"fnMap":{"0":{"name":"(anonymous_2)","decl":{"start":{"line":13,"column":2},"end":{"line":13,"column":null}},"loc":{"start":{"line":15,"column":40},"end":{"line":16,"column":6}}},"1":{"name":"(anonymous_3)","decl":{"start":{"line":18,"column":2},"end":{"line":18,"column":7}},"loc":{"start":{"line":18,"column":48},"end":{"line":67,"column":3}}},"2":{"name":"(anonymous_4)","decl":{"start":{"line":69,"column":2},"end":{"line":69,"column":7}},"loc":{"start":{"line":69,"column":41},"end":{"line":165,"column":3}}},"3":{"name":"(anonymous_5)","decl":{"start":{"line":167,"column":2},"end":{"line":167,"column":7}},"loc":{"start":{"line":167,"column":29},"end":{"line":169,"column":3}}},"4":{"name":"(anonymous_6)","decl":{"start":{"line":171,"column":2},"end":{"line":171,"column":7}},"loc":{"start":{"line":171,"column":56},"end":{"line":173,"column":3}}}},"branchMap":{"0":{"loc":{"start":{"line":28,"column":6},"end":{"line":33,"column":7}},"type":"if","locations":[{"start":{"line":28,"column":6},"end":{"line":33,"column":7}}]},"1":{"loc":{"start":{"line":86,"column":6},"end":{"line":88,"column":7}},"type":"if","locations":[{"start":{"line":86,"column":6},"end":{"line":88,"column":7}}]},"2":{"loc":{"start":{"line":90,"column":6},"end":{"line":95,"column":7}},"type":"if","locations":[{"start":{"line":90,"column":6},"end":{"line":95,"column":7}}]},"3":{"loc":{"start":{"line":97,"column":6},"end":{"line":115,"column":7}},"type":"if","locations":[{"start":{"line":97,"column":6},"end":{"line":115,"column":7}}]},"4":{"loc":{"start":{"line":102,"column":8},"end":{"line":114,"column":9}},"type":"if","locations":[{"start":{"line":102,"column":8},"end":{"line":114,"column":9}},{"start":{"line":109,"column":15},"end":{"line":114,"column":9}}]},"5":{"loc":{"start":{"line":119,"column":6},"end":{"line":149,"column":7}},"type":"if","locations":[{"start":{"line":119,"column":6},"end":{"line":149,"column":7}}]},"6":{"loc":{"start":{"line":129,"column":8},"end":{"line":142,"column":9}},"type":"if","locations":[{"start":{"line":129,"column":8},"end":{"line":142,"column":9}}]}},"s":{"0":1,"1":1,"2":1,"3":1,"4":1,"5":1,"6":1,"7":1,"8":0,"9":0,"10":0,"11":0,"12":0,"13":0,"14":0,"15":0,"16":0,"17":0,"18":0,"19":0,"20":0,"21":0,"22":0,"23":0,"24":0,"25":0,"26":0,"27":0,"28":0,"29":0,"30":0,"31":0,"32":0,"33":0,"34":0,"35":0,"36":0,"37":0,"38":0,"39":0,"40":0,"41":0,"42":0,"43":0,"44":0,"45":0,"46":0,"47":0,"48":1,"49":1},"f":{"0":0,"1":0,"2":0,"3":0,"4":0},"b":{"0":[0],"1":[0],"2":[0],"3":[0],"4":[0,0],"5":[0],"6":[0]}}
,"G:\\VDT2024\\server\\src\\register\\dto\\checkValidOtp.dto.ts": {"path":"G:\\VDT2024\\server\\src\\register\\dto\\checkValidOtp.dto.ts","statementMap":{"0":{"start":{"line":1,"column":0},"end":{"line":1,"column":72}},"1":{"start":{"line":3,"column":0},"end":{"line":3,"column":13}},"2":{"start":{"line":6,"column":2},"end":{"line":6,"column":null}},"3":{"start":{"line":11,"column":2},"end":{"line":11,"column":null}}},"fnMap":{},"branchMap":{},"s":{"0":1,"1":1,"2":1,"3":1},"f":{},"b":{}}
,"G:\\VDT2024\\server\\src\\register\\dto\\register.dto.ts": {"path":"G:\\VDT2024\\server\\src\\register\\dto\\register.dto.ts","statementMap":{"0":{"start":{"line":1,"column":0},"end":{"line":1,"column":54}},"1":{"start":{"line":3,"column":0},"end":{"line":3,"column":13}},"2":{"start":{"line":6,"column":2},"end":{"line":6,"column":null}}},"fnMap":{},"branchMap":{},"s":{"0":1,"1":1,"2":1},"f":{},"b":{}}
,"G:\\VDT2024\\server\\src\\register\\types\\attempt.enum.ts": {"path":"G:\\VDT2024\\server\\src\\register\\types\\attempt.enum.ts","statementMap":{"0":{"start":{"line":1,"column":0},"end":{"line":1,"column":null}},"1":{"start":{"line":2,"column":2},"end":{"line":2,"column":null}}},"fnMap":{"0":{"name":"(anonymous_0)","decl":{"start":{"line":1,"column":0},"end":{"line":1,"column":12}},"loc":{"start":{"line":1,"column":17},"end":{"line":3,"column":1}}}},"branchMap":{"0":{"loc":{"start":{"line":1,"column":12},"end":{"line":1,"column":null}},"type":"binary-expr","locations":[{"start":{"line":1,"column":12},"end":{"line":1,"column":17}},{"start":{"line":1,"column":17},"end":{"line":1,"column":null}}]}},"s":{"0":1,"1":1},"f":{"0":1},"b":{"0":[1,1]}}
,"G:\\VDT2024\\server\\src\\register\\types\\index.ts": {"path":"G:\\VDT2024\\server\\src\\register\\types\\index.ts","statementMap":{"0":{"start":{"line":1,"column":0},"end":{"line":1,"column":32}},"1":{"start":{"line":2,"column":0},"end":{"line":2,"column":30}},"2":{"start":{"line":3,"column":0},"end":{"line":3,"column":31}}},"fnMap":{},"branchMap":{},"s":{"0":1,"1":1,"2":1},"f":{},"b":{}}
,"G:\\VDT2024\\server\\src\\register\\types\\status.enum.ts": {"path":"G:\\VDT2024\\server\\src\\register\\types\\status.enum.ts","statementMap":{"0":{"start":{"line":1,"column":0},"end":{"line":1,"column":null}},"1":{"start":{"line":2,"column":2},"end":{"line":2,"column":null}},"2":{"start":{"line":3,"column":2},"end":{"line":3,"column":null}},"3":{"start":{"line":4,"column":2},"end":{"line":4,"column":null}}},"fnMap":{"0":{"name":"(anonymous_0)","decl":{"start":{"line":1,"column":0},"end":{"line":1,"column":12}},"loc":{"start":{"line":1,"column":18},"end":{"line":5,"column":1}}}},"branchMap":{"0":{"loc":{"start":{"line":1,"column":12},"end":{"line":1,"column":null}},"type":"binary-expr","locations":[{"start":{"line":1,"column":12},"end":{"line":1,"column":18}},{"start":{"line":1,"column":18},"end":{"line":1,"column":null}}]}},"s":{"0":1,"1":1,"2":1,"3":1},"f":{"0":1},"b":{"0":[1,1]}}
,"G:\\VDT2024\\server\\src\\user\\user.controller.ts": {"path":"G:\\VDT2024\\server\\src\\user\\user.controller.ts","statementMap":{"0":{"start":{"line":1,"column":0},"end":{"line":1,"column":null}},"1":{"start":{"line":10,"column":0},"end":{"line":10,"column":45}},"2":{"start":{"line":11,"column":0},"end":{"line":11,"column":87}},"3":{"start":{"line":12,"column":0},"end":{"line":12,"column":56}},"4":{"start":{"line":13,"column":0},"end":{"line":13,"column":67}},"5":{"start":{"line":14,"column":0},"end":{"line":14,"column":67}},"6":{"start":{"line":18,"column":7},"end":{"line":34,"column":null}},"7":{"start":{"line":19,"column":31},"end":{"line":19,"column":44}},"8":{"start":{"line":25,"column":4},"end":{"line":25,"column":52}},"9":{"start":{"line":32,"column":4},"end":{"line":32,"column":52}},"10":{"start":{"line":18,"column":13},"end":{"line":18,"column":27}},"11":{"start":{"line":24,"column":8},"end":{"line":26,"column":null}},"12":{"start":{"line":31,"column":8},"end":{"line":33,"column":null}},"13":{"start":{"line":18,"column":13},"end":{"line":34,"column":null}}},"fnMap":{"0":{"name":"(anonymous_4)","decl":{"start":{"line":19,"column":2},"end":{"line":19,"column":31}},"loc":{"start":{"line":19,"column":55},"end":{"line":19,"column":59}}},"1":{"name":"(anonymous_5)","decl":{"start":{"line":24,"column":2},"end":{"line":24,"column":7}},"loc":{"start":{"line":24,"column":60},"end":{"line":26,"column":3}}},"2":{"name":"(anonymous_6)","decl":{"start":{"line":31,"column":2},"end":{"line":31,"column":7}},"loc":{"start":{"line":31,"column":60},"end":{"line":33,"column":3}}}},"branchMap":{},"s":{"0":1,"1":1,"2":1,"3":1,"4":1,"5":1,"6":1,"7":3,"8":1,"9":1,"10":1,"11":1,"12":1,"13":1},"f":{"0":3,"1":1,"2":1},"b":{}}
,"G:\\VDT2024\\server\\src\\user\\user.module.ts": {"path":"G:\\VDT2024\\server\\src\\user\\user.module.ts","statementMap":{"0":{"start":{"line":1,"column":0},"end":{"line":1,"column":40}},"1":{"start":{"line":2,"column":0},"end":{"line":2,"column":45}},"2":{"start":{"line":3,"column":0},"end":{"line":3,"column":51}},"3":{"start":{"line":4,"column":0},"end":{"line":4,"column":58}},"4":{"start":{"line":10,"column":7},"end":{"line":10,"column":null}},"5":{"start":{"line":10,"column":13},"end":{"line":10,"column":23}},"6":{"start":{"line":10,"column":13},"end":{"line":10,"column":null}}},"fnMap":{},"branchMap":{},"s":{"0":0,"1":0,"2":0,"3":0,"4":0,"5":0,"6":0},"f":{},"b":{}}
,"G:\\VDT2024\\server\\src\\user\\user.service.ts": {"path":"G:\\VDT2024\\server\\src\\user\\user.service.ts","statementMap":{"0":{"start":{"line":1,"column":0},"end":{"line":1,"column":71}},"1":{"start":{"line":2,"column":0},"end":{"line":2,"column":58}},"2":{"start":{"line":5,"column":0},"end":{"line":5,"column":58}},"3":{"start":{"line":9,"column":7},"end":{"line":201,"column":null}},"4":{"start":{"line":11,"column":12},"end":{"line":11,"column":27}},"5":{"start":{"line":12,"column":12},"end":{"line":12,"column":27}},"6":{"start":{"line":16,"column":4},"end":{"line":123,"column":5}},"7":{"start":{"line":28,"column":10},"end":{"line":28,"column":14}},"8":{"start":{"line":30,"column":6},"end":{"line":35,"column":7}},"9":{"start":{"line":31,"column":8},"end":{"line":34,"column":10}},"10":{"start":{"line":37,"column":22},"end":{"line":44,"column":8}},"11":{"start":{"line":47,"column":6},"end":{"line":59,"column":7}},"12":{"start":{"line":48,"column":27},"end":{"line":55,"column":10}},"13":{"start":{"line":56,"column":8},"end":{"line":56,"column":35}},"14":{"start":{"line":58,"column":8},"end":{"line":58,"column":32}},"15":{"start":{"line":61,"column":23},"end":{"line":69,"column":8}},"16":{"start":{"line":71,"column":6},"end":{"line":76,"column":7}},"17":{"start":{"line":72,"column":8},"end":{"line":75,"column":10}},"18":{"start":{"line":78,"column":6},"end":{"line":90,"column":7}},"19":{"start":{"line":79,"column":8},"end":{"line":89,"column":9}},"20":{"start":{"line":80,"column":10},"end":{"line":83,"column":12}},"21":{"start":{"line":84,"column":15},"end":{"line":89,"column":9}},"22":{"start":{"line":85,"column":10},"end":{"line":88,"column":12}},"23":{"start":{"line":92,"column":29},"end":{"line":118,"column":8}},"24":{"start":{"line":120,"column":6},"end":{"line":120,"column":28}},"25":{"start":{"line":122,"column":6},"end":{"line":122,"column":68}},"26":{"start":{"line":127,"column":4},"end":{"line":199,"column":5}},"27":{"start":{"line":128,"column":54},"end":{"line":128,"column":58}},"28":{"start":{"line":130,"column":23},"end":{"line":142,"column":8}},"29":{"start":{"line":144,"column":6},"end":{"line":149,"column":7}},"30":{"start":{"line":145,"column":8},"end":{"line":148,"column":10}},"31":{"start":{"line":151,"column":6},"end":{"line":156,"column":7}},"32":{"start":{"line":152,"column":8},"end":{"line":155,"column":10}},"33":{"start":{"line":158,"column":26},"end":{"line":184,"column":8}},"34":{"start":{"line":186,"column":47},"end":{"line":192,"column":8}},"35":{"start":{"line":194,"column":6},"end":{"line":194,"column":57}},"36":{"start":{"line":196,"column":6},"end":{"line":196,"column":25}},"37":{"start":{"line":198,"column":6},"end":{"line":198,"column":68}},"38":{"start":{"line":9,"column":13},"end":{"line":9,"column":24}},"39":{"start":{"line":9,"column":13},"end":{"line":201,"column":null}}},"fnMap":{"0":{"name":"(anonymous_2)","decl":{"start":{"line":10,"column":2},"end":{"line":10,"column":null}},"loc":{"start":{"line":12,"column":40},"end":{"line":13,"column":6}}},"1":{"name":"(anonymous_3)","decl":{"start":{"line":15,"column":2},"end":{"line":15,"column":7}},"loc":{"start":{"line":15,"column":52},"end":{"line":124,"column":3}}},"2":{"name":"(anonymous_4)","decl":{"start":{"line":126,"column":2},"end":{"line":126,"column":7}},"loc":{"start":{"line":126,"column":52},"end":{"line":200,"column":3}}}},"branchMap":{"0":{"loc":{"start":{"line":30,"column":6},"end":{"line":35,"column":7}},"type":"if","locations":[{"start":{"line":30,"column":6},"end":{"line":35,"column":7}}]},"1":{"loc":{"start":{"line":47,"column":6},"end":{"line":59,"column":7}},"type":"if","locations":[{"start":{"line":47,"column":6},"end":{"line":59,"column":7}},{"start":{"line":57,"column":13},"end":{"line":59,"column":7}}]},"2":{"loc":{"start":{"line":71,"column":6},"end":{"line":76,"column":7}},"type":"if","locations":[{"start":{"line":71,"column":6},"end":{"line":76,"column":7}}]},"3":{"loc":{"start":{"line":78,"column":6},"end":{"line":90,"column":7}},"type":"if","locations":[{"start":{"line":78,"column":6},"end":{"line":90,"column":7}}]},"4":{"loc":{"start":{"line":79,"column":8},"end":{"line":89,"column":9}},"type":"if","locations":[{"start":{"line":79,"column":8},"end":{"line":89,"column":9}},{"start":{"line":84,"column":15},"end":{"line":89,"column":9}}]},"5":{"loc":{"start":{"line":84,"column":15},"end":{"line":89,"column":9}},"type":"if","locations":[{"start":{"line":84,"column":15},"end":{"line":89,"column":9}}]},"6":{"loc":{"start":{"line":144,"column":6},"end":{"line":149,"column":7}},"type":"if","locations":[{"start":{"line":144,"column":6},"end":{"line":149,"column":7}}]},"7":{"loc":{"start":{"line":151,"column":6},"end":{"line":156,"column":7}},"type":"if","locations":[{"start":{"line":151,"column":6},"end":{"line":156,"column":7}}]}},"s":{"0":1,"1":1,"2":1,"3":1,"4":0,"5":0,"6":0,"7":0,"8":0,"9":0,"10":0,"11":0,"12":0,"13":0,"14":0,"15":0,"16":0,"17":0,"18":0,"19":0,"20":0,"21":0,"22":0,"23":0,"24":0,"25":0,"26":0,"27":0,"28":0,"29":0,"30":0,"31":0,"32":0,"33":0,"34":0,"35":0,"36":0,"37":0,"38":1,"39":1},"f":{"0":0,"1":0,"2":0},"b":{"0":[0],"1":[0,0],"2":[0],"3":[0],"4":[0,0],"5":[0],"6":[0],"7":[0]}}
,"G:\\VDT2024\\server\\src\\user\\dto\\createApplication.dto.ts": {"path":"G:\\VDT2024\\server\\src\\user\\dto\\createApplication.dto.ts","statementMap":{"0":{"start":{"line":1,"column":0},"end":{"line":1,"column":65}},"1":{"start":{"line":3,"column":0},"end":{"line":3,"column":13}},"2":{"start":{"line":6,"column":2},"end":{"line":6,"column":null}},"3":{"start":{"line":10,"column":2},"end":{"line":10,"column":null}},"4":{"start":{"line":14,"column":2},"end":{"line":14,"column":null}}},"fnMap":{},"branchMap":{},"s":{"0":1,"1":1,"2":1,"3":1,"4":1},"f":{},"b":{}}
,"G:\\VDT2024\\server\\src\\user\\dto\\createInformation.dto.ts": {"path":"G:\\VDT2024\\server\\src\\user\\dto\\createInformation.dto.ts","statementMap":{"0":{"start":{"line":1,"column":0},"end":{"line":1,"column":null}},"1":{"start":{"line":9,"column":0},"end":{"line":9,"column":13}},"2":{"start":{"line":12,"column":2},"end":{"line":12,"column":null}},"3":{"start":{"line":17,"column":2},"end":{"line":17,"column":null}},"4":{"start":{"line":21,"column":2},"end":{"line":21,"column":null}},"5":{"start":{"line":26,"column":2},"end":{"line":26,"column":null}},"6":{"start":{"line":30,"column":2},"end":{"line":30,"column":null}},"7":{"start":{"line":34,"column":2},"end":{"line":34,"column":null}},"8":{"start":{"line":38,"column":2},"end":{"line":38,"column":null}},"9":{"start":{"line":42,"column":2},"end":{"line":42,"column":null}},"10":{"start":{"line":46,"column":2},"end":{"line":46,"column":null}},"11":{"start":{"line":50,"column":2},"end":{"line":50,"column":null}}},"fnMap":{},"branchMap":{},"s":{"0":1,"1":1,"2":1,"3":1,"4":1,"5":1,"6":1,"7":1,"8":1,"9":1,"10":1,"11":1},"f":{},"b":{}}
}
