TN:
SF:src\app.module.ts
FNF:0
FNH:0
DA:1,0
DA:2,0
DA:3,0
DA:4,0
DA:5,0
DA:10,0
LF:6
LH:0
BRF:0
BRH:0
end_of_record
TN:
SF:src\main.ts
FN:6,bootstrap
FN:13,(anonymous_1)
FN:15,(anonymous_2)
FNF:3
FNH:0
FNDA:0,bootstrap
FNDA:0,(anonymous_1)
FNDA:0,(anonymous_2)
DA:1,0
DA:2,0
DA:3,0
DA:4,0
DA:7,0
DA:8,0
DA:9,0
DA:10,0
DA:14,0
DA:16,0
DA:19,0
DA:20,0
DA:31,0
DA:32,0
DA:34,0
DA:36,0
LF:16
LH:0
BRF:0
BRH:0
end_of_record
TN:
SF:src\common\decorators\index.ts
FNF:0
FNH:0
DA:1,2
LF:1
LH:1
BRF:0
BRH:0
end_of_record
TN:
SF:src\common\decorators\responseMessage.decorator.ts
FN:3,(anonymous_0)
FNF:1
FNH:1
FNDA:4,(anonymous_0)
DA:1,2
DA:3,2
DA:4,4
LF:3
LH:3
BRF:0
BRH:0
end_of_record
TN:
SF:src\common\interceptors\response.interceptor.ts
FN:21,(anonymous_2)
FN:22,(anonymous_3)
FN:27,(anonymous_4)
FNF:3
FNH:1
FNDA:6,(anonymous_2)
FNDA:0,(anonymous_3)
FNDA:0,(anonymous_4)
DA:1,2
DA:7,2
DA:9,2
DA:18,2
DA:21,6
DA:26,0
DA:27,0
LF:7
LH:5
BRDA:30,0,0,0
BRDA:30,0,1,0
BRF:2
BRH:0
end_of_record
TN:
SF:src\mailer\mailer.module.ts
FNF:0
FNH:0
DA:1,0
DA:2,0
DA:9,0
LF:3
LH:0
BRF:0
BRH:0
end_of_record
TN:
SF:src\mailer\mailer.service.ts
FN:10,(anonymous_2)
FN:22,(anonymous_3)
FN:81,(anonymous_4)
FNF:3
FNH:0
FNDA:0,(anonymous_2)
FNDA:0,(anonymous_3)
FNDA:0,(anonymous_4)
DA:1,4
DA:2,4
DA:7,4
DA:11,0
DA:23,0
DA:25,0
DA:27,0
DA:28,0
DA:45,0
DA:46,0
DA:82,0
DA:83,0
DA:85,0
DA:86,0
DA:95,0
DA:96,0
DA:98,0
LF:17
LH:3
BRDA:27,0,0,0
BRDA:27,0,1,0
BRDA:45,1,0,0
BRF:3
BRH:0
end_of_record
TN:
SF:src\prisma\prisma.module.ts
FNF:0
FNH:0
DA:1,0
DA:2,0
DA:9,0
LF:3
LH:0
BRF:0
BRH:0
end_of_record
TN:
SF:src\prisma\prisma.service.ts
FN:9,(anonymous_2)
FN:18,(anonymous_3)
FN:22,(anonymous_4)
FNF:3
FNH:0
FNDA:0,(anonymous_2)
FNDA:0,(anonymous_3)
FNDA:0,(anonymous_4)
DA:1,4
DA:2,4
DA:5,4
DA:10,0
DA:19,0
DA:23,0
LF:6
LH:3
BRF:0
BRH:0
end_of_record
TN:
SF:src\register\register.controller.ts
FN:18,(anonymous_4)
FN:23,(anonymous_5)
FN:30,(anonymous_6)
FNF:3
FNH:3
FNDA:3,(anonymous_4)
FNDA:1,(anonymous_5)
FNDA:1,(anonymous_6)
DA:1,1
DA:9,1
DA:10,1
DA:11,1
DA:12,1
DA:13,1
DA:17,1
DA:18,3
DA:23,1
DA:24,1
DA:30,1
DA:31,1
LF:12
LH:12
BRF:0
BRH:0
end_of_record
TN:
SF:src\register\register.module.ts
FNF:0
FNH:0
DA:1,0
DA:2,0
DA:3,0
DA:11,0
LF:4
LH:0
BRF:0
BRH:0
end_of_record
TN:
SF:src\register\register.service.ts
FN:13,(anonymous_2)
FN:18,(anonymous_3)
FN:69,(anonymous_4)
FN:167,(anonymous_5)
FN:171,(anonymous_6)
FNF:5
FNH:5
FNDA:5,(anonymous_2)
FNDA:2,(anonymous_3)
FNDA:3,(anonymous_4)
FNDA:1,(anonymous_5)
FNDA:2,(anonymous_6)
DA:1,2
DA:2,2
DA:3,2
DA:5,2
DA:6,2
DA:7,2
DA:8,2
DA:12,2
DA:14,5
DA:15,5
DA:19,2
DA:20,2
DA:22,2
DA:28,2
DA:29,1
DA:35,1
DA:42,1
DA:44,1
DA:54,1
DA:62,1
DA:63,1
DA:65,1
DA:70,3
DA:71,3
DA:72,3
DA:86,3
DA:87,0
DA:90,3
DA:91,0
DA:97,3
DA:98,1
DA:99,1
DA:100,1
DA:102,1
DA:103,0
DA:110,1
DA:117,2
DA:119,2
DA:120,1
DA:129,1
DA:130,0
DA:138,0
DA:143,1
DA:151,1
DA:161,1
DA:163,2
DA:168,1
DA:172,2
LF:48
LH:43
BRDA:28,0,0,1
BRDA:86,1,0,0
BRDA:90,2,0,0
BRDA:97,3,0,1
BRDA:102,4,0,0
BRDA:102,4,1,1
BRDA:119,5,0,1
BRDA:129,6,0,0
BRF:8
BRH:4
end_of_record
TN:
SF:src\register\dto\checkValidOtp.dto.ts
FNF:0
FNH:0
DA:1,1
DA:3,1
DA:6,1
DA:11,1
LF:4
LH:4
BRF:0
BRH:0
end_of_record
TN:
SF:src\register\dto\register.dto.ts
FNF:0
FNH:0
DA:1,1
DA:3,1
DA:6,1
LF:3
LH:3
BRF:0
BRH:0
end_of_record
TN:
SF:src\register\types\attempt.enum.ts
FN:1,(anonymous_0)
FNF:1
FNH:1
FNDA:2,(anonymous_0)
DA:1,2
DA:2,2
LF:2
LH:2
BRDA:1,0,0,2
BRDA:1,0,1,2
BRF:2
BRH:2
end_of_record
TN:
SF:src\register\types\index.ts
FNF:0
FNH:0
DA:1,2
DA:2,2
DA:3,2
LF:3
LH:3
BRF:0
BRH:0
end_of_record
TN:
SF:src\register\types\status.enum.ts
FN:1,(anonymous_0)
FNF:1
FNH:1
FNDA:2,(anonymous_0)
DA:1,2
DA:2,2
DA:3,2
DA:4,2
LF:4
LH:4
BRDA:1,0,0,2
BRDA:1,0,1,2
BRF:2
BRH:2
end_of_record
TN:
SF:src\user\user.controller.ts
FN:19,(anonymous_4)
FN:24,(anonymous_5)
FN:31,(anonymous_6)
FNF:3
FNH:3
FNDA:3,(anonymous_4)
FNDA:1,(anonymous_5)
FNDA:1,(anonymous_6)
DA:1,1
DA:10,1
DA:11,1
DA:12,1
DA:13,1
DA:14,1
DA:18,1
DA:19,3
DA:24,1
DA:25,1
DA:31,1
DA:32,1
LF:12
LH:12
BRF:0
BRH:0
end_of_record
TN:
SF:src\user\user.module.ts
FNF:0
FNH:0
DA:1,0
DA:2,0
DA:3,0
DA:4,0
DA:10,0
LF:5
LH:0
BRF:0
BRH:0
end_of_record
TN:
SF:src\user\user.service.ts
FN:10,(anonymous_2)
FN:15,(anonymous_3)
FN:126,(anonymous_4)
FNF:3
FNH:3
FNDA:5,(anonymous_2)
FNDA:2,(anonymous_3)
FNDA:2,(anonymous_4)
DA:1,2
DA:2,2
DA:5,2
DA:9,2
DA:11,5
DA:12,5
DA:16,2
DA:28,2
DA:30,2
DA:31,1
DA:37,1
DA:47,1
DA:48,1
DA:56,1
DA:58,0
DA:61,1
DA:71,1
DA:72,0
DA:78,1
DA:79,1
DA:80,0
DA:84,1
DA:85,0
DA:92,1
DA:120,1
DA:122,1
DA:127,2
DA:128,2
DA:130,2
DA:144,2
DA:145,1
DA:151,1
DA:152,0
DA:158,1
DA:186,1
DA:194,1
DA:196,1
DA:198,1
LF:38
LH:33
BRDA:30,0,0,1
BRDA:47,1,0,1
BRDA:47,1,1,0
BRDA:71,2,0,0
BRDA:78,3,0,1
BRDA:79,4,0,0
BRDA:79,4,1,1
BRDA:84,5,0,0
BRDA:144,6,0,1
BRDA:151,7,0,0
BRF:10
BRH:5
end_of_record
TN:
SF:src\user\dto\createApplication.dto.ts
FNF:0
FNH:0
DA:1,1
DA:3,1
DA:6,1
DA:10,1
DA:14,1
LF:5
LH:5
BRF:0
BRH:0
end_of_record
TN:
SF:src\user\dto\createInformation.dto.ts
FNF:0
FNH:0
DA:1,1
DA:9,1
DA:12,1
DA:17,1
DA:21,1
DA:26,1
DA:30,1
DA:34,1
DA:38,1
DA:42,1
DA:46,1
DA:50,1
LF:12
LH:12
BRF:0
BRH:0
end_of_record
